<?xml version="1.0" encoding="UTF-8"?>
<!-- Generated by org.testng.reporters.JUnitXMLReporter -->
<testsuite hostname="LAPTOP-3D7VGU5Q" ignored="0" name="Test" tests="1" failures="1" timestamp="2021-01-15T09:48:14 IST" time="19.939" errors="0">
  <testcase name="verifyValidLogin" time="1.671" classname="testScripts.LoginTest">
    <failure type="java.lang.AssertionError" message="Login Failure expected [Payroll Application] but found [Login]">
      <![CDATA[java.lang.AssertionError: Login Failure expected [Payroll Application] but found [Login]
at testScripts.LoginTest.verifyValidLogin(LoginTest.java:94)
at java.util.ArrayList.forEach(ArrayList.java:1259)
... Removed 32 stack frames]]>
    </failure>
  </testcase> <!-- verifyValidLogin -->
</testsuite> <!-- Test -->
